<?xml version="1.0" encoding="UTF-8"?>
<!-- Generated by org.testng.reporters.JUnitXMLReporter -->
<testsuite ignored="0" hostname="DESKTOP-FRCO4VD" failures="0" tests="2" name="Command line test" time="0.798" errors="0" timestamp="2021-03-14T13:04:59 EET">
  <testcase classname="LevelsetHomeTest" name="@BeforeTest setup" time="0.689">
    <failure type="java.lang.IllegalStateException" message="The path to the driver executable must be set by the webdriver.chrome.driver system property; for more information, see https://github.com/SeleniumHQ/selenium/wiki/ChromeDriver. The latest version can be downloaded from http://chromedriver.storage.googleapis.com/index.html">
      <![CDATA[java.lang.IllegalStateException: The path to the driver executable must be set by the webdriver.chrome.driver system property; for more information, see https://github.com/SeleniumHQ/selenium/wiki/ChromeDriver. The latest version can be downloaded from http://chromedriver.storage.googleapis.com/index.html
at com.google.common.base.Preconditions.checkState(Preconditions.java:847)
at org.openqa.selenium.remote.service.DriverService.findExecutable(DriverService.java:134)
at org.openqa.selenium.chrome.ChromeDriverService.access$000(ChromeDriverService.java:35)
at org.openqa.selenium.chrome.ChromeDriverService$Builder.findDefaultExecutable(ChromeDriverService.java:159)
at org.openqa.selenium.remote.service.DriverService$Builder.build(DriverService.java:355)
at org.openqa.selenium.chrome.ChromeDriverService.createDefaultService(ChromeDriverService.java:94)
at org.openqa.selenium.chrome.ChromeDriver.<init>(ChromeDriver.java:123)
at LevelsetHomeTest.setup(LevelsetHomeTest.java:22)
... Removed 33 stack frames]]>
    </failure>
  </testcase> <!-- @BeforeTest setup -->
  <testcase classname="LevelsetHomeTest" name="@AfterTest teardown" time="-1.615719899014E9">
    <skipped/>
  </testcase> <!-- @AfterTest teardown -->
  <testcase classname="LevelsetHomeTest" name="testLien" time="0.0">
    <skipped/>
  </testcase> <!-- testLien -->
  <testcase classname="LevelsetHomeTest" name="testPreliminary" time="0.0">
    <skipped/>
  </testcase> <!-- testPreliminary -->
</testsuite> <!-- Command line test -->
